

Microchip Technology PIC18 LITE Macro Assembler V1.43 build -156212558 
                                                                                               Sat Sep 23 15:35:53 2017

Microchip Technology Omniscient Code Generator v1.43 (Free mode) build 201707250354
     1                           	processor	18F452
     2                           	fnconf	rparam,??,?,0
     3                           	opt	pw 120
     4                           	opt	lm
     5                           	psect	cinit,global,reloc=2,class=CODE,delta=1
     6                           	psect	bssCOMRAM,global,class=COMRAM,space=1,delta=1,noexec
     7                           	psect	cstackCOMRAM,global,class=COMRAM,space=1,delta=1,noexec
     8                           	psect	text0,global,reloc=2,class=CODE,delta=1
     9                           	psect	intsave_regs,global,class=BIGRAM,space=1,delta=1,noexec
    10                           	psect	rparam,global,class=COMRAM,space=1,delta=1,noexec
    11  0000                     
    12                           ; Version 1.43
    13                           ; Generated 25/07/2017 GMT
    14                           ; 
    15                           ; Copyright © 2017, Microchip Technology Inc. and its subsidiaries ("Microchip")
    16                           ; All rights reserved.
    17                           ; 
    18                           ; This software is developed by Microchip Technology Inc. and its subsidiaries ("Microch
      +                          ip").
    19                           ; 
    20                           ; Redistribution and use in source and binary forms, with or without modification, are
    21                           ; permitted provided that the following conditions are met:
    22                           ; 
    23                           ;     1. Redistributions of source code must retain the above copyright notice, this lis
      +                          t of
    24                           ;        conditions and the following disclaimer.
    25                           ; 
    26                           ;     2. Redistributions in binary form must reproduce the above copyright notice, this 
      +                          list
    27                           ;        of conditions and the following disclaimer in the documentation and/or other
    28                           ;        materials provided with the distribution.
    29                           ; 
    30                           ;     3. Microchip's name may not be used to endorse or promote products derived from th
      +                          is
    31                           ;        software without specific prior written permission.
    32                           ; 
    33                           ; THIS SOFTWARE IS PROVIDED BY MICROCHIP "AS IS" AND ANY EXPRESS OR IMPLIED WARRANTIES,
    34                           ; INCLUDING, BUT NOT LIMITED TO, THE IMPLIED WARRANTIES OF MERCHANTABILITY AND FITNESS F
      +                          OR
    35                           ; PURPOSE ARE DISCLAIMED.  IN NO EVENT SHALL MICROCHIP BE LIABLE FOR ANY DIRECT, INDIREC
      +                          T,
    36                           ; INCIDENTAL, SPECIAL, EXEMPLARY, OR CONSEQUENTIAL DAMAGES (INCLUDING BUT NOT LIMITED TO
    37                           ; PROCUREMENT OF SUBSTITUTE GOODS OR SERVICES; LOSS OF USE, DATA OR PROFITS; OR BUSINESS
    38                           ; INTERRUPTION) HOWSOEVER CAUSED AND ON ANY THEORY OF LIABILITY, WHETHER IN CONTRACT, ST
      +                          RICT
    39                           ; LIABILITY, OR TORT (INCLUDING NEGLIGENCE OR OTHERWISE) ARISING IN ANY WAY OUT OF THE U
      +                          SE OF
    40                           ; THIS SOFTWARE, EVEN IF ADVISED OF THE POSSIBILITY OF SUCH DAMAGE.
    41                           ; 
    42                           ; 
    43                           ; Code-generator required, PIC18F452 Definitions
    44                           ; 
    45                           ; SFR Addresses
    46  0000                     _PORTB	set	3969
    47  0000                     _TRISB	set	3987
    48                           
    49                           ; #config settings
    50                           
    51                           	psect	cinit
    52  003FBE                     __pcinit:
    53                           	opt stack 0
    54  003FBE                     start_initialization:
    55                           	opt stack 0
    56  003FBE                     __initialization:
    57                           	opt stack 0
    58                           
    59                           ; Clear objects allocated to COMRAM (2 bytes)
    60  003FBE  6A02               	clrf	(__pbssCOMRAM+1)& (0+255),c
    61  003FC0  6A01               	clrf	__pbssCOMRAM& (0+255),c
    62  003FC2                     end_of_initialization:
    63                           	opt stack 0
    64  003FC2                     __end_of__initialization:
    65                           	opt stack 0
    66  003FC2  0100               	movlb	0
    67  003FC4  EFE4  F01F         	goto	_main	;jump to C main() function
    68                           
    69                           	psect	bssCOMRAM
    70  000001                     __pbssCOMRAM:
    71                           	opt stack 0
    72  000001                     _i:
    73                           	opt stack 0
    74  000001                     	ds	2
    75                           
    76                           	psect	cstackCOMRAM
    77  000000                     __pcstackCOMRAM:
    78                           	opt stack 0
    79  000000                     
    80                           ; 1 bytes @ 0x0
    81 ;;
    82 ;;Main: autosize = 0, tempsize = 0, incstack = 0, save=0
    83 ;;
    84 ;; *************** function _main *****************
    85 ;; Defined at:
    86 ;;		line 8 in file "lab1.c"
    87 ;; Parameters:    Size  Location     Type
    88 ;;		None
    89 ;; Auto vars:     Size  Location     Type
    90 ;;		None
    91 ;; Return value:  Size  Location     Type
    92 ;;                  1    wreg      void 
    93 ;; Registers used:
    94 ;;		wreg, status,2, status,0
    95 ;; Tracked objects:
    96 ;;		On entry : 0/0
    97 ;;		On exit  : 0/0
    98 ;;		Unchanged: 0/0
    99 ;; Data sizes:     COMRAM   BANK0   BANK1   BANK2   BANK3   BANK4   BANK5
   100 ;;      Params:         0       0       0       0       0       0       0
   101 ;;      Locals:         0       0       0       0       0       0       0
   102 ;;      Temps:          0       0       0       0       0       0       0
   103 ;;      Totals:         0       0       0       0       0       0       0
   104 ;;Total ram usage:        0 bytes
   105 ;; This function calls:
   106 ;;		Nothing
   107 ;; This function is called by:
   108 ;;		Startup code after reset
   109 ;; This function uses a non-reentrant model
   110 ;;
   111                           
   112                           	psect	text0
   113  003FC8                     __ptext0:
   114                           	opt stack 0
   115  003FC8                     _main:
   116                           	opt stack 0
   117  003FC8  FFFF               	dw	65535	; assembler added errata NOP
   118                           
   119                           ;lab1.c: 9: TRISB = 0xF0;
   120                           
   121                           ;incstack = 0
   122  003FCA  0EF0               	movlw	240
   123  003FCC  6E93               	movwf	3987,c	;volatile
   124                           
   125                           ;lab1.c: 10: PORTB = 0;
   126  003FCE  0E00               	movlw	0
   127  003FD0  6E81               	movwf	3969,c	;volatile
   128                           
   129                           ;lab1.c: 11: for (i = 0; i < 15 ; i++){
   130  003FD2  0E00               	movlw	0
   131  003FD4  6E02               	movwf	_i+1,c
   132  003FD6  0E00               	movlw	0
   133  003FD8  6E01               	movwf	_i,c
   134  003FDA                     l637:
   135  003FDA  FFFF               	dw	65535	; assembler added errata NOP
   136  003FDC  BE02               	btfsc	_i+1,7,c
   137  003FDE  D007               	goto	l11
   138  003FE0  5002               	movf	_i+1,w,c
   139  003FE2  E10B               	bnz	l13
   140  003FE4  0E0F               	movlw	15
   141  003FE6  5C01               	subwf	_i,w,c
   142  003FE8  B0D8               	btfsc	status,0,c
   143  003FEA  EF01  F000         	goto	start
   144  003FEE                     l11:
   145  003FEE  FFFF               	dw	65535	; assembler added errata NOP
   146                           
   147                           ;lab1.c: 12: PORTB = i + 1;
   148  003FF0  2801               	incf	_i,w,c
   149  003FF2  6E81               	movwf	3969,c	;volatile
   150  003FF4  4A01               	infsnz	_i,f,c
   151  003FF6  2A02               	incf	_i+1,f,c
   152  003FF8  D7F0               	goto	l637
   153  003FFA                     l13:
   154  003FFA  EF01  F000         	goto	start
   155  003FFE                     __end_of_main:
   156                           	opt stack 0
   157  003FFE  FFFF               	dw	65535	; assembler added errata NOP
   158                           status	equ	0xFD8
   159                           status	equ	0xFD8
   160                           
   161                           	psect	rparam
   162  0000                     status	equ	0xFD8


Data Sizes:
    Strings     0
    Constant    0
    Data        0
    BSS         2
    Persistent  0
    Stack       0

Auto Spaces:
    Space          Size  Autos    Used
    COMRAM          127      0       2
    BANK0           128      0       0
    BANK1           256      0       0
    BANK2           256      0       0
    BANK3           256      0       0
    BANK4           256      0       0
    BANK5           256      0       0

Pointer List with Targets:

    None.

Critical Paths under _main in COMRAM

    None.

Critical Paths under _main in BANK0

    None.

Critical Paths under _main in BANK1

    None.

Critical Paths under _main in BANK2

    None.

Critical Paths under _main in BANK3

    None.

Critical Paths under _main in BANK4

    None.

Critical Paths under _main in BANK5

    None.

Call Graph Tables:

 ---------------------------------------------------------------------------------
 (Depth) Function   	        Calls       Base Space   Used Autos Params    Refs
 ---------------------------------------------------------------------------------
 (0) _main                                                 0     0      0       0
 ---------------------------------------------------------------------------------
 Estimated maximum stack depth 0
 ---------------------------------------------------------------------------------

 Call Graph Graphs:

 _main (ROOT)

 Address spaces:
Name               Size   Autos  Total    Cost      Usage
BIGRAM             5FF      0       0      17        0.0%
EEDATA             100      0       0       0        0.0%
BITBANK5           100      0       0      16        0.0%
BANK5              100      0       0      14        0.0%
BITBANK4           100      0       0      12        0.0%
BANK4              100      0       0      13        0.0%
BITBANK3           100      0       0      10        0.0%
BANK3              100      0       0      11        0.0%
BITBANK2           100      0       0       8        0.0%
BANK2              100      0       0       9        0.0%
BITBANK1           100      0       0       6        0.0%
BANK1              100      0       0       7        0.0%
BITBANK0            80      0       0       4        0.0%
BANK0               80      0       0       5        0.0%
BITCOMRAM           7F      0       0       0        0.0%
COMRAM              7F      0       2       1        1.6%
BITSFR               0      0       0     200        0.0%
SFR                  0      0       0     200        0.0%
STACK                0      0       0       2        0.0%
NULL                 0      0       0       0        0.0%
ABS                  0      0       2      15        0.0%
DATA                 0      0       2       3        0.0%
CODE                 0      0       0       0        0.0%


Microchip Technology PIC18 Macro Assembler V1.43 build -156212558 
Symbol Table                                                                                   Sat Sep 23 15:35:53 2017

                                                              _i 0001  
                                                             l11 3FEE  
                                                             l13 3FFA  
                                                            l637 3FDA  
                                                           _main 3FC8  
                                                           start 0002  
                                                   ___param_bank 000000  
                                                          ?_main 0000  
                                                          _PORTB 000F81  
                                                          _TRISB 000F93  
                                                          status 000FD8  
                                                __initialization 3FBE  
                                                   __end_of_main 3FFE  
                                                         ??_main 0000  
                                                  __activetblptr 000000  
                                                     __accesstop 0080  
                                        __end_of__initialization 3FC2  
                                                  ___rparam_used 000001  
                                                 __pcstackCOMRAM 0000  
                                                        __Hparam 0000  
                                                        __Lparam 0000  
                                                        __pcinit 3FBE  
                                                        __ramtop 0600  
                                                        __ptext0 3FC8  
                                           end_of_initialization 3FC2  
                                            start_initialization 3FBE  
                                                    __pbssCOMRAM 0001  
                                                       __Hrparam 0000  
                                                       __Lrparam 0000  
                                                  __size_of_main 0036  
